<?xml version="1.0" encoding="UTF-8"?>
<testsuite xmlns:xsi="http://www.w3.org/2001/XMLSchema-instance" xsi:noNamespaceSchemaLocation="https://maven.apache.org/surefire/maven-surefire-plugin/xsd/surefire-test-report.xsd" name="com.luobin.luobin_tianqituisong.LuobinTianqituisongApplicationTests" time="3.326" tests="2" errors="1" skipped="0" failures="0">
  <properties>
[...]
</properties>
  <testcase name="contextLoads" classname="com.luobin.luobin_tianqituisong.LuobinTianqituisongApplicationTests" time="0.372"/>
  <testcase name="goodMorning" classname="com.luobin.luobin_tianqituisong.LuobinTianqituisongApplicationTests" time="0.676">
    <error message="Cannot invoke &quot;com.alibaba.fastjson.JSONObject.getJSONArray(String)&quot; because the return value of &quot;com.alibaba.fastjson.JSONObject.getJSONObject(String)&quot; is null" type="java.lang.NullPointerException">java.lang.NullPointerException: Cannot invoke "com.alibaba.fastjson.JSONObject.getJSONArray(String)" because the return value of "com.alibaba.fastjson.JSONObject.getJSONObject(String)" is null
	at com.luobin.luobin_tianqituisong.LuobinTianqituisongApplicationTests.goodMorning(LuobinTianqituisongApplicationTests.java:16)
</error>
  </testcase>
</testsuite>